This is pdfTeX, Version 3.141592653-2.6-1.40.29 (TeX Live 2026/Arch Linux) (preloaded format=pdflatex 2026.6.4)  11 JUN 2026 17:21
entering extended mode
 restricted \write18 enabled.
 file:line:error style messages enabled.
 %&-line parsing enabled.
**/home/osvaldofrb/Documentos/Estadias/tesina-tsu-mayago-2026-FabiRamiro/main.tex
(/home/osvaldofrb/Documentos/Estadias/tesina-tsu-mayago-2026-FabiRamiro/main.tex
LaTeX2e <2025-11-01>
L3 programming layer <2026-01-19>
(/usr/share/texmf-dist/tex/latex/base/article.cls
Document Class: article 2025/01/22 v1.4n Standard LaTeX document class
(/usr/share/texmf-dist/tex/latex/base/size12.clo
File: size12.clo 2025/01/22 v1.4n Standard LaTeX file (size option)
)
\c@part=\count275
\c@section=\count276
\c@subsection=\count277
\c@subsubsection=\count278
\c@paragraph=\count279
\c@subparagraph=\count280
\c@figure=\count281
\c@table=\count282
\abovecaptionskip=\skip49
\belowcaptionskip=\skip50
\bibindent=\dimen148
) (/usr/share/texmf-dist/tex/latex/geometry/geometry.sty
Package: geometry 2020/01/02 v5.9 Page Geometry
 (/usr/share/texmf-dist/tex/latex/graphics/keyval.sty
Package: keyval 2022/05/29 v1.15 key=value parser (DPC)
\KV@toks@=\toks17
) (/usr/share/texmf-dist/tex/generic/iftex/ifvtex.sty
Package: ifvtex 2019/10/25 v1.7 ifvtex legacy package. Use iftex instead.
 (/usr/share/texmf-dist/tex/generic/iftex/iftex.sty
Package: iftex 2024/12/12 v1.0g TeX engine tests
))
\Gm@cnth=\count283
\Gm@cntv=\count284
\c@Gm@tempcnt=\count285
\Gm@bindingoffset=\dimen149
\Gm@wd@mp=\dimen150
\Gm@odd@mp=\dimen151
\Gm@even@mp=\dimen152
\Gm@layoutwidth=\dimen153
\Gm@layoutheight=\dimen154
\Gm@layouthoffset=\dimen155
\Gm@layoutvoffset=\dimen156
\Gm@dimlist=\toks18
) (/usr/share/texmf-dist/tex/latex/fancyhdr/fancyhdr.sty
Package: fancyhdr 2025/02/07 v5.2 Extensive control of page headers and footers
\f@nch@headwidth=\skip51
\f@nch@offset@elh=\skip52
\f@nch@offset@erh=\skip53
\f@nch@offset@olh=\skip54
\f@nch@offset@orh=\skip55
\f@nch@offset@elf=\skip56
\f@nch@offset@erf=\skip57
\f@nch@offset@olf=\skip58
\f@nch@offset@orf=\skip59
\f@nch@height=\skip60
\f@nch@footalignment=\skip61
\f@nch@widthL=\skip62
\f@nch@widthC=\skip63
\f@nch@widthR=\skip64
\@temptokenb=\toks19
) (/usr/share/texmf-dist/tex/latex/base/inputenc.sty
Package: inputenc 2024/02/08 v1.3d Input encoding file
\inpenc@prehook=\toks20
\inpenc@posthook=\toks21
) (/usr/share/texmf-dist/tex/latex/base/fontenc.sty
Package: fontenc 2025/07/18 v2.1d Standard LaTeX package
) (/usr/share/texmf-dist/tex/generic/babel/babel.sty
Package: babel 2026/02/14 v26.3 The multilingual framework for LuaLaTeX, pdfLaTeX and XeLaTeX
\babel@savecnt=\count286
LaTeX Encoding Info:    Redeclaring text command \ij (encoding OT1) on input line 2078.
LaTeX Encoding Info:    Redeclaring text command \IJ (encoding OT1) on input line 2080.
LaTeX Encoding Info:    Redeclaring text command \ij (encoding T1) on input line 2082.
LaTeX Encoding Info:    Redeclaring text command \IJ (encoding T1) on input line 2083.
LaTeX Encoding Info:    Ignoring declaration for text command \ij (encoding ?) on input line 2084.
LaTeX Encoding Info:    Ignoring declaration for text command \IJ (encoding ?) on input line 2086.
LaTeX Encoding Info:    Ignoring declaration for text command \SS (encoding ?) on input line 2111.
\U@D=\dimen157
\l@unhyphenated=\language6
 (/usr/share/texmf-dist/tex/generic/babel/txtbabel.def)
\bbl@readstream=\read2
\bbl@dirlevel=\count287
Package babel Info: You haven't specified a language as a class or package
(babel)             option. I'll load 'nil'. Reported on input line 4265.
Package babel Info: Importing font and identification data for nil
(babel)             from babel-und-x-nil.ini. Reported on input line 4330.
 (/usr/share/texmf-dist/tex/generic/babel/nil.ldf
Language: nil 2026/02/14 v26.3 Nil language
\l@nil=\language7
)) (/usr/share/texmf-dist/tex/generic/babel/locale/es/babel-spanish.tex)
Package babel Info: Importing data for spanish
(babel)             from babel-es.ini. Reported on input line 7.
 (/usr/share/texmf-dist/tex/latex/setspace/setspace.sty
Package: setspace 2022/12/04 v6.7b set line spacing
) (/usr/share/texmf-dist/tex/latex/titlesec/titlesec.sty
Package: titlesec 2025/01/04 v2.17 Sectioning titles
\ttl@box=\box53
\beforetitleunit=\skip65
\aftertitleunit=\skip66
\ttl@plus=\dimen158
\ttl@minus=\dimen159
\ttl@toksa=\toks22
\titlewidth=\dimen160
\titlewidthlast=\dimen161
\titlewidthfirst=\dimen162
) (/usr/share/texmf-dist/tex/latex/tocloft/tocloft.sty
Package: tocloft 2017/08/31 v2.3i parameterised ToC, etc., typesetting
Package tocloft Info: The document has section divisions on input line 51.
\cftparskip=\skip67
\cftbeforetoctitleskip=\skip68
\cftaftertoctitleskip=\skip69
\cftbeforepartskip=\skip70
\cftpartnumwidth=\skip71
\cftpartindent=\skip72
\cftbeforesecskip=\skip73
\cftsecindent=\skip74
\cftsecnumwidth=\skip75
\cftbeforesubsecskip=\skip76
\cftsubsecindent=\skip77
\cftsubsecnumwidth=\skip78
\cftbeforesubsubsecskip=\skip79
\cftsubsubsecindent=\skip80
\cftsubsubsecnumwidth=\skip81
\cftbeforeparaskip=\skip82
\cftparaindent=\skip83
\cftparanumwidth=\skip84
\cftbeforesubparaskip=\skip85
\cftsubparaindent=\skip86
\cftsubparanumwidth=\skip87
\cftbeforeloftitleskip=\skip88
\cftafterloftitleskip=\skip89
\cftbeforefigskip=\skip90
\cftfigindent=\skip91
\cftfignumwidth=\skip92
\c@lofdepth=\count288
\c@lotdepth=\count289
\cftbeforelottitleskip=\skip93
\cftafterlottitleskip=\skip94
\cftbeforetabskip=\skip95
\cfttabindent=\skip96
\cfttabnumwidth=\skip97
) (/usr/share/texmf-dist/tex/latex/graphics/graphicx.sty
Package: graphicx 2024/12/31 v1.2e Enhanced LaTeX Graphics (DPC,SPQR)
 (/usr/share/texmf-dist/tex/latex/graphics/graphics.sty
Package: graphics 2024/08/06 v1.4g Standard LaTeX Graphics (DPC,SPQR)
 (/usr/share/texmf-dist/tex/latex/graphics/trig.sty
Package: trig 2023/12/02 v1.11 sin cos tan (DPC)
) (/usr/share/texmf-dist/tex/latex/graphics-cfg/graphics.cfg
File: graphics.cfg 2016/06/04 v1.11 sample graphics configuration
)
Package graphics Info: Driver file: pdftex.def on input line 106.
 (/usr/share/texmf-dist/tex/latex/graphics-def/pdftex.def
File: pdftex.def 2025/09/29 v1.2d Graphics/color driver for pdftex
))
\Gin@req@height=\dimen163
\Gin@req@width=\dimen164
) (/usr/share/texmf-dist/tex/latex/tools/longtable.sty
Package: longtable 2025-10-13 v4.24 Multi-page Table package (DPC)
\LTleft=\skip98
\LTright=\skip99
\LTpre=\skip100
\LTpost=\skip101
\LTchunksize=\count290
\LTcapwidth=\dimen165
\LT@head=\box54
\LT@firsthead=\box55
\LT@foot=\box56
\LT@lastfoot=\box57
\LT@gbox=\box58
\LT@cols=\count291
\LT@rows=\count292
\c@LT@tables=\count293
\c@LT@chunks=\count294
\LT@p@ftn=\toks23
) (/usr/share/texmf-dist/tex/latex/forest/forest.sty
Package: forest 2017/07/14 v2.1.5 Drawing (linguistic) trees
 (/usr/share/texmf-dist/tex/latex/pgf/frontendlayer/tikz.sty (/usr/share/texmf-dist/tex/latex/pgf/basiclayer/pgf.sty (/usr/share/texmf-dist/tex/latex/pgf/utilities/pgfrcs.sty (/usr/share/texmf-dist/tex/generic/pgf/utilities/pgfutil-common.tex
\pgfutil@everybye=\toks24
\pgfutil@tempdima=\dimen166
\pgfutil@tempdimb=\dimen167
) (/usr/share/texmf-dist/tex/generic/pgf/utilities/pgfutil-latex.def
\pgfutil@abb=\box59
) (/usr/share/texmf-dist/tex/generic/pgf/utilities/pgfrcs.code.tex (/usr/share/texmf-dist/tex/generic/pgf/pgf.revision.tex)
Package: pgfrcs 2025-08-29 v3.1.11a (3.1.11a)
))
Package: pgf 2025-08-29 v3.1.11a (3.1.11a)
 (/usr/share/texmf-dist/tex/latex/pgf/basiclayer/pgfcore.sty (/usr/share/texmf-dist/tex/latex/pgf/systemlayer/pgfsys.sty (/usr/share/texmf-dist/tex/generic/pgf/systemlayer/pgfsys.code.tex
Package: pgfsys 2025-08-29 v3.1.11a (3.1.11a)
 (/usr/share/texmf-dist/tex/generic/pgf/utilities/pgfkeys.code.tex
\pgfkeys@pathtoks=\toks25
\pgfkeys@temptoks=\toks26
 (/usr/share/texmf-dist/tex/generic/pgf/utilities/pgfkeyslibraryfiltered.code.tex
\pgfkeys@tmptoks=\toks27
))
\pgf@x=\dimen168
\pgf@y=\dimen169
\pgf@xa=\dimen170
\pgf@ya=\dimen171
\pgf@xb=\dimen172
\pgf@yb=\dimen173
\pgf@xc=\dimen174
\pgf@yc=\dimen175
\pgf@xd=\dimen176
\pgf@yd=\dimen177
\w@pgf@writea=\write3
\r@pgf@reada=\read3
\c@pgf@counta=\count295
\c@pgf@countb=\count296
\c@pgf@countc=\count297
\c@pgf@countd=\count298
\t@pgf@toka=\toks28
\t@pgf@tokb=\toks29
\t@pgf@tokc=\toks30
\pgf@sys@id@count=\count299
 (/usr/share/texmf-dist/tex/generic/pgf/systemlayer/pgf.cfg
File: pgf.cfg 2025-08-29 v3.1.11a (3.1.11a)
)
Driver file for pgf: pgfsys-pdftex.def
 (/usr/share/texmf-dist/tex/generic/pgf/systemlayer/pgfsys-pdftex.def
File: pgfsys-pdftex.def 2025-08-29 v3.1.11a (3.1.11a)
 (/usr/share/texmf-dist/tex/generic/pgf/systemlayer/pgfsys-common-pdf.def
File: pgfsys-common-pdf.def 2025-08-29 v3.1.11a (3.1.11a)
))) (/usr/share/texmf-dist/tex/generic/pgf/systemlayer/pgfsyssoftpath.code.tex
File: pgfsyssoftpath.code.tex 2025-08-29 v3.1.11a (3.1.11a)
\pgfsyssoftpath@smallbuffer@items=\count300
\pgfsyssoftpath@bigbuffer@items=\count301
) (/usr/share/texmf-dist/tex/generic/pgf/systemlayer/pgfsysprotocol.code.tex
File: pgfsysprotocol.code.tex 2025-08-29 v3.1.11a (3.1.11a)
)) (/usr/share/texmf-dist/tex/latex/xcolor/xcolor.sty
Package: xcolor 2024/09/29 v3.02 LaTeX color extensions (UK)
 (/usr/share/texmf-dist/tex/latex/graphics-cfg/color.cfg
File: color.cfg 2016/01/02 v1.6 sample color configuration
)
Package xcolor Info: Driver file: pdftex.def on input line 274.
 (/usr/share/texmf-dist/tex/latex/graphics/mathcolor.ltx)
Package xcolor Info: Model `cmy' substituted by `cmy0' on input line 1349.
Package xcolor Info: Model `hsb' substituted by `rgb' on input line 1353.
Package xcolor Info: Model `RGB' extended on input line 1365.
Package xcolor Info: Model `HTML' substituted by `rgb' on input line 1367.
Package xcolor Info: Model `Hsb' substituted by `hsb' on input line 1368.
Package xcolor Info: Model `tHsb' substituted by `hsb' on input line 1369.
Package xcolor Info: Model `HSB' substituted by `hsb' on input line 1370.
Package xcolor Info: Model `Gray' substituted by `gray' on input line 1371.
Package xcolor Info: Model `wave' substituted by `hsb' on input line 1372.
) (/usr/share/texmf-dist/tex/generic/pgf/basiclayer/pgfcore.code.tex
Package: pgfcore 2025-08-29 v3.1.11a (3.1.11a)
 (/usr/share/texmf-dist/tex/generic/pgf/math/pgfmath.code.tex (/usr/share/texmf-dist/tex/generic/pgf/math/pgfmathutil.code.tex) (/usr/share/texmf-dist/tex/generic/pgf/math/pgfmathparser.code.tex
\pgfmath@dimen=\dimen178
\pgfmath@count=\count302
\pgfmath@box=\box60
\pgfmath@toks=\toks31
\pgfmath@stack@operand=\toks32
\pgfmath@stack@operation=\toks33
) (/usr/share/texmf-dist/tex/generic/pgf/math/pgfmathfunctions.code.tex) (/usr/share/texmf-dist/tex/generic/pgf/math/pgfmathfunctions.basic.code.tex) (/usr/share/texmf-dist/tex/generic/pgf/math/pgfmathfunctions.trigonometric.code.tex) (/usr/share/texmf-dist/tex/generic/pgf/math/pgfmathfunctions.random.code.tex) (/usr/share/texmf-dist/tex/generic/pgf/math/pgfmathfunctions.comparison.code.tex) (/usr/share/texmf-dist/tex/generic/pgf/math/pgfmathfunctions.base.code.tex) (/usr/share/texmf-dist/tex/generic/pgf/math/pgfmathfunctions.round.code.tex) (/usr/share/texmf-dist/tex/generic/pgf/math/pgfmathfunctions.misc.code.tex) (/usr/share/texmf-dist/tex/generic/pgf/math/pgfmathfunctions.integerarithmetics.code.tex) (/usr/share/texmf-dist/tex/generic/pgf/math/pgfmathcalc.code.tex) (/usr/share/texmf-dist/tex/generic/pgf/math/pgfmathfloat.code.tex
\c@pgfmathroundto@lastzeros=\count303
)) (/usr/share/texmf-dist/tex/generic/pgf/math/pgfint.code.tex) (/usr/share/texmf-dist/tex/generic/pgf/basiclayer/pgfcorepoints.code.tex
File: pgfcorepoints.code.tex 2025-08-29 v3.1.11a (3.1.11a)
\pgf@picminx=\dimen179
\pgf@picmaxx=\dimen180
\pgf@picminy=\dimen181
\pgf@picmaxy=\dimen182
\pgf@pathminx=\dimen183
\pgf@pathmaxx=\dimen184
\pgf@pathminy=\dimen185
\pgf@pathmaxy=\dimen186
\pgf@xx=\dimen187
\pgf@xy=\dimen188
\pgf@yx=\dimen189
\pgf@yy=\dimen190
\pgf@zx=\dimen191
\pgf@zy=\dimen192
) (/usr/share/texmf-dist/tex/generic/pgf/basiclayer/pgfcorepathconstruct.code.tex
File: pgfcorepathconstruct.code.tex 2025-08-29 v3.1.11a (3.1.11a)
\pgf@path@lastx=\dimen193
\pgf@path@lasty=\dimen194
) (/usr/share/texmf-dist/tex/generic/pgf/basiclayer/pgfcorepathusage.code.tex
File: pgfcorepathusage.code.tex 2025-08-29 v3.1.11a (3.1.11a)
\pgf@shorten@end@additional=\dimen195
\pgf@shorten@start@additional=\dimen196
) (/usr/share/texmf-dist/tex/generic/pgf/basiclayer/pgfcorescopes.code.tex
File: pgfcorescopes.code.tex 2025-08-29 v3.1.11a (3.1.11a)
\pgfpic=\box61
\pgf@hbox=\box62
\pgf@layerbox@main=\box63
\pgf@picture@serial@count=\count304
) (/usr/share/texmf-dist/tex/generic/pgf/basiclayer/pgfcoregraphicstate.code.tex
File: pgfcoregraphicstate.code.tex 2025-08-29 v3.1.11a (3.1.11a)
\pgflinewidth=\dimen197
) (/usr/share/texmf-dist/tex/generic/pgf/basiclayer/pgfcoretransformations.code.tex
File: pgfcoretransformations.code.tex 2025-08-29 v3.1.11a (3.1.11a)
\pgf@pt@x=\dimen198
\pgf@pt@y=\dimen199
\pgf@pt@temp=\dimen256
) (/usr/share/texmf-dist/tex/generic/pgf/basiclayer/pgfcorequick.code.tex
File: pgfcorequick.code.tex 2025-08-29 v3.1.11a (3.1.11a)
) (/usr/share/texmf-dist/tex/generic/pgf/basiclayer/pgfcoreobjects.code.tex
File: pgfcoreobjects.code.tex 2025-08-29 v3.1.11a (3.1.11a)
) (/usr/share/texmf-dist/tex/generic/pgf/basiclayer/pgfcorepathprocessing.code.tex
File: pgfcorepathprocessing.code.tex 2025-08-29 v3.1.11a (3.1.11a)
) (/usr/share/texmf-dist/tex/generic/pgf/basiclayer/pgfcorearrows.code.tex
File: pgfcorearrows.code.tex 2025-08-29 v3.1.11a (3.1.11a)
\pgfarrowsep=\dimen257
) (/usr/share/texmf-dist/tex/generic/pgf/basiclayer/pgfcoreshade.code.tex
File: pgfcoreshade.code.tex 2025-08-29 v3.1.11a (3.1.11a)
\pgf@max=\dimen258
\pgf@sys@shading@range@num=\count305
\pgf@shadingcount=\count306
) (/usr/share/texmf-dist/tex/generic/pgf/basiclayer/pgfcoreimage.code.tex
File: pgfcoreimage.code.tex 2025-08-29 v3.1.11a (3.1.11a)
) (/usr/share/texmf-dist/tex/generic/pgf/basiclayer/pgfcoreexternal.code.tex
File: pgfcoreexternal.code.tex 2025-08-29 v3.1.11a (3.1.11a)
\pgfexternal@startupbox=\box64
) (/usr/share/texmf-dist/tex/generic/pgf/basiclayer/pgfcorelayers.code.tex
File: pgfcorelayers.code.tex 2025-08-29 v3.1.11a (3.1.11a)
) (/usr/share/texmf-dist/tex/generic/pgf/basiclayer/pgfcoretransparency.code.tex
File: pgfcoretransparency.code.tex 2025-08-29 v3.1.11a (3.1.11a)
) (/usr/share/texmf-dist/tex/generic/pgf/basiclayer/pgfcorepatterns.code.tex
File: pgfcorepatterns.code.tex 2025-08-29 v3.1.11a (3.1.11a)
) (/usr/share/texmf-dist/tex/generic/pgf/basiclayer/pgfcorerdf.code.tex
File: pgfcorerdf.code.tex 2025-08-29 v3.1.11a (3.1.11a)
))) (/usr/share/texmf-dist/tex/generic/pgf/modules/pgfmoduleshapes.code.tex
File: pgfmoduleshapes.code.tex 2025-08-29 v3.1.11a (3.1.11a)
\pgfnodeparttextbox=\box65
) (/usr/share/texmf-dist/tex/generic/pgf/modules/pgfmoduleplot.code.tex
File: pgfmoduleplot.code.tex 2025-08-29 v3.1.11a (3.1.11a)
) (/usr/share/texmf-dist/tex/latex/pgf/compatibility/pgfcomp-version-0-65.sty
Package: pgfcomp-version-0-65 2025-08-29 v3.1.11a (3.1.11a)
\pgf@nodesepstart=\dimen259
\pgf@nodesepend=\dimen260
) (/usr/share/texmf-dist/tex/latex/pgf/compatibility/pgfcomp-version-1-18.sty
Package: pgfcomp-version-1-18 2025-08-29 v3.1.11a (3.1.11a)
)) (/usr/share/texmf-dist/tex/latex/pgf/utilities/pgffor.sty (/usr/share/texmf-dist/tex/latex/pgf/utilities/pgfkeys.sty (/usr/share/texmf-dist/tex/generic/pgf/utilities/pgfkeys.code.tex)) (/usr/share/texmf-dist/tex/latex/pgf/math/pgfmath.sty (/usr/share/texmf-dist/tex/generic/pgf/math/pgfmath.code.tex)) (/usr/share/texmf-dist/tex/generic/pgf/utilities/pgffor.code.tex
Package: pgffor 2025-08-29 v3.1.11a (3.1.11a)
\pgffor@iter=\dimen261
\pgffor@skip=\dimen262
\pgffor@stack=\toks34
\pgffor@toks=\toks35
)) (/usr/share/texmf-dist/tex/generic/pgf/frontendlayer/tikz/tikz.code.tex
Package: tikz 2025-08-29 v3.1.11a (3.1.11a)
 (/usr/share/texmf-dist/tex/generic/pgf/libraries/pgflibraryplothandlers.code.tex
File: pgflibraryplothandlers.code.tex 2025-08-29 v3.1.11a (3.1.11a)
\pgf@plot@mark@count=\count307
\pgfplotmarksize=\dimen263
)
\tikz@lastx=\dimen264
\tikz@lasty=\dimen265
\tikz@lastxsaved=\dimen266
\tikz@lastysaved=\dimen267
\tikz@lastmovetox=\dimen268
\tikz@lastmovetoy=\dimen269
\tikzleveldistance=\dimen270
\tikzsiblingdistance=\dimen271
\tikz@figbox=\box66
\tikz@figbox@bg=\box67
\tikz@tempbox=\box68
\tikz@tempbox@bg=\box69
\tikztreelevel=\count308
\tikznumberofchildren=\count309
\tikznumberofcurrentchild=\count310
\tikz@fig@count=\count311
 (/usr/share/texmf-dist/tex/generic/pgf/modules/pgfmodulematrix.code.tex
File: pgfmodulematrix.code.tex 2025-08-29 v3.1.11a (3.1.11a)
\pgfmatrixcurrentrow=\count312
\pgfmatrixcurrentcolumn=\count313
\pgf@matrix@numberofcolumns=\count314
)
\tikz@expandcount=\count315
 (/usr/share/texmf-dist/tex/generic/pgf/frontendlayer/tikz/libraries/tikzlibrarytopaths.code.tex
File: tikzlibrarytopaths.code.tex 2025-08-29 v3.1.11a (3.1.11a)
))) (/usr/share/texmf-dist/tex/generic/pgf/frontendlayer/tikz/libraries/tikzlibraryshapes.code.tex
File: tikzlibraryshapes.code.tex 2025-08-29 v3.1.11a (3.1.11a)
 (/usr/share/texmf-dist/tex/generic/pgf/frontendlayer/tikz/libraries/tikzlibraryshapes.geometric.code.tex
File: tikzlibraryshapes.geometric.code.tex 2025-08-29 v3.1.11a (3.1.11a)
 (/usr/share/texmf-dist/tex/generic/pgf/libraries/shapes/pgflibraryshapes.geometric.code.tex
File: pgflibraryshapes.geometric.code.tex 2025-08-29 v3.1.11a (3.1.11a)
)) (/usr/share/texmf-dist/tex/generic/pgf/frontendlayer/tikz/libraries/tikzlibraryshapes.misc.code.tex
File: tikzlibraryshapes.misc.code.tex 2025-08-29 v3.1.11a (3.1.11a)
 (/usr/share/texmf-dist/tex/generic/pgf/libraries/shapes/pgflibraryshapes.misc.code.tex
File: pgflibraryshapes.misc.code.tex 2025-08-29 v3.1.11a (3.1.11a)
)) (/usr/share/texmf-dist/tex/generic/pgf/frontendlayer/tikz/libraries/tikzlibraryshapes.symbols.code.tex
File: tikzlibraryshapes.symbols.code.tex 2025-08-29 v3.1.11a (3.1.11a)
 (/usr/share/texmf-dist/tex/generic/pgf/libraries/shapes/pgflibraryshapes.symbols.code.tex
File: pgflibraryshapes.symbols.code.tex 2025-08-29 v3.1.11a (3.1.11a)
)) (/usr/share/texmf-dist/tex/generic/pgf/frontendlayer/tikz/libraries/tikzlibraryshapes.arrows.code.tex
File: tikzlibraryshapes.arrows.code.tex 2025-08-29 v3.1.11a (3.1.11a)
 (/usr/share/texmf-dist/tex/generic/pgf/libraries/shapes/pgflibraryshapes.arrows.code.tex
File: pgflibraryshapes.arrows.code.tex 2025-08-29 v3.1.11a (3.1.11a)
)) (/usr/share/texmf-dist/tex/generic/pgf/frontendlayer/tikz/libraries/tikzlibraryshapes.callouts.code.tex (/usr/share/texmf-dist/tex/generic/pgf/libraries/shapes/pgflibraryshapes.callouts.code.tex)) (/usr/share/texmf-dist/tex/generic/pgf/frontendlayer/tikz/libraries/tikzlibraryshapes.multipart.code.tex
File: tikzlibraryshapes.multipart.code.tex 2025-08-29 v3.1.11a (3.1.11a)
 (/usr/share/texmf-dist/tex/generic/pgf/libraries/shapes/pgflibraryshapes.multipart.code.tex
File: pgflibraryshapes.multipart.code.tex 2025-08-29 v3.1.11a (3.1.11a)
\pgfnodepartlowerbox=\box70
\pgfnodeparttwobox=\box71
\pgfnodepartthreebox=\box72
\pgfnodepartfourbox=\box73
\pgfnodeparttwentybox=\box74
\pgfnodepartnineteenbox=\box75
\pgfnodeparteighteenbox=\box76
\pgfnodepartseventeenbox=\box77
\pgfnodepartsixteenbox=\box78
\pgfnodepartfifteenbox=\box79
\pgfnodepartfourteenbox=\box80
\pgfnodepartthirteenbox=\box81
\pgfnodeparttwelvebox=\box82
\pgfnodepartelevenbox=\box83
\pgfnodeparttenbox=\box84
\pgfnodepartninebox=\box85
\pgfnodeparteightbox=\box86
\pgfnodepartsevenbox=\box87
\pgfnodepartsixbox=\box88
\pgfnodepartfivebox=\box89
))) (/usr/share/texmf-dist/tex/generic/pgf/frontendlayer/tikz/libraries/tikzlibraryfit.code.tex
File: tikzlibraryfit.code.tex 2025-08-29 v3.1.11a (3.1.11a)
) (/usr/share/texmf-dist/tex/generic/pgf/frontendlayer/tikz/libraries/tikzlibrarycalc.code.tex
File: tikzlibrarycalc.code.tex 2025-08-29 v3.1.11a (3.1.11a)
) (/usr/share/texmf-dist/tex/generic/pgf/libraries/pgflibraryintersections.code.tex (/usr/share/texmf-dist/tex/generic/pgf/libraries/pgflibraryfpu.code.tex)
\pgf@intersect@solutions=\count316
) (/usr/share/texmf-dist/tex/latex/pgfopts/pgfopts.sty
Package: pgfopts 2014/07/10 v2.1a LaTeX package options with pgfkeys
\pgfopts@list@add@a@toks=\toks36
\pgfopts@list@add@b@toks=\toks37
) (/usr/share/texmf-dist/tex/latex/etoolbox/etoolbox.sty
Package: etoolbox 2025/10/02 v2.5m e-TeX tools for LaTeX (JAW)
\etb@tempcnta=\count317
) (/usr/share/texmf-dist/tex/latex/elocalloc/elocalloc.sty
Package: elocalloc 2016/12/15 v0.03 local allocation for LaTeX 2015+ (DPC)
) (/usr/share/texmf-dist/tex/latex/environ/environ.sty
Package: environ 2014/05/04 v0.3 A new way to define environments
 (/usr/share/texmf-dist/tex/latex/trimspaces/trimspaces.sty
Package: trimspaces 2009/09/17 v1.1 Trim spaces around a token list
)
\@envbody=\toks38
) (/usr/share/texmf-dist/tex/latex/l3packages/xparse/xparse.sty (/usr/share/texmf-dist/tex/latex/l3kernel/expl3.sty
Package: expl3 2026-01-19 L3 programming layer (loader) 
 (/usr/share/texmf-dist/tex/latex/l3backend/l3backend-pdftex.def
File: l3backend-pdftex.def 2025-10-09 L3 backend support: PDF output (pdfTeX)
\l__color_backend_stack_int=\count318
))
Package: xparse 2025-10-09 L3 Experimental document command parser
) (/usr/share/texmf-dist/tex/latex/inlinedef/inlinedef.sty
Package: inlinedef 2008/07/10 v1.0 Inlined expansions within definitions
\ID@toks=\toks39
\ID@count=\count319
)
\ID@usercommands=\toks40
\safeloop@depth=\count320
\safeRKloop@depth=\count321
\forest@temp@dimen=\dimen272
\forest@temp@count=\count322
\forest@n=\count323
\forest@temp@global@count=\count324
\forest@temp@toks=\toks41
\forest@temparray@M=\count325
\forest@temparray@N=\count326
\forest@global@temparray@M=\count327
\forest@global@temparray@N=\count328
\forest@isnum@count=\count329
\forest@isdim@nonintpart=\count330
\forest@isdim@dimen=\dimen273
\forest@sort@m=\count331
\forest@sort@k=\count332
\forest@sort@p=\count333
\bracket@content=\toks42
\bracket@afterthought=\toks43
\forest@node@maxid=\count334
\forest@process@left@M=\count335
\forest@process@left@N=\count336
\forest@process@right@M=\count337
\forest@process@right@N=\count338
\forest@process@saved@M=\count339
\forest@process@saved@N=\count340
\forest@process@result@M=\count341
\forest@process@result@N=\count342
\forest@process@n=\count343
\forest@nodewalk@branch@toks=\toks44
\forest@nodewalk@shortsteps@resolution=\toks45
\forest@do@dynamics=\toks46
\forest@box=\box90
\forest@xg=\dimen274
\forest@yg=\dimen275
\forest@xs=\dimen276
\forest@ys=\dimen277
\forest@pi@toks=\toks47
\forest@segment@toks=\toks48
\forest@PIi@toks=\toks49
\forest@PIii@toks=\toks50
\forest@copy@in=\read4
\forest@copy@out=\write4
\forest@externalize@max@outer@n=\count344
\forest@externalize@inner@n=\count345
) (/usr/share/texmf-dist/tex/latex/forest/forest-lib-linguistics.sty
Package: forest-lib-linguistics 2017/07/14 v0.1.2
\standardnodestrutbox=\box91
) (/usr/share/texmf-dist/tex/latex/amsfonts/amssymb.sty
Package: amssymb 2013/01/14 v3.01 AMS font symbols
 (/usr/share/texmf-dist/tex/latex/amsfonts/amsfonts.sty
Package: amsfonts 2013/01/14 v3.01 Basic AMSFonts support
\@emptytoks=\toks51
\symAMSa=\mathgroup4
\symAMSb=\mathgroup5
LaTeX Font Info:    Redeclaring math symbol \hbar on input line 98.
LaTeX Font Info:    Overwriting math alphabet `\mathfrak' in version `bold'
(Font)                  U/euf/m/n --> U/euf/b/n on input line 106.
)) (/usr/share/texmf-dist/tex/latex/amsmath/amsmath.sty
Package: amsmath 2025/07/09 v2.17z AMS math features
\@mathmargin=\skip102

For additional information on amsmath, use the `?' option.
(/usr/share/texmf-dist/tex/latex/amsmath/amstext.sty
Package: amstext 2024/11/17 v2.01 AMS text
 (/usr/share/texmf-dist/tex/latex/amsmath/amsgen.sty
File: amsgen.sty 1999/11/30 v2.0 generic functions
\@emptytoks=\toks52
\ex@=\dimen278
)
LaTeX Info: Redefining \text on input line 28.
) (/usr/share/texmf-dist/tex/latex/amsmath/amsbsy.sty
Package: amsbsy 1999/11/29 v1.2d Bold Symbols
\pmbraise@=\dimen279
) (/usr/share/texmf-dist/tex/latex/amsmath/amsopn.sty
Package: amsopn 2022/04/08 v2.04 operator names
)
\inf@bad=\count346
LaTeX Info: Redefining \frac on input line 233.
\uproot@=\count347
\leftroot@=\count348
LaTeX Info: Redefining \overline on input line 398.
LaTeX Info: Redefining \colon on input line 409.
\classnum@=\count349
\DOTSCASE@=\count350
LaTeX Info: Redefining \ldots on input line 495.
LaTeX Info: Redefining \dots on input line 498.
LaTeX Info: Redefining \cdots on input line 619.
\Mathstrutbox@=\box92
\strutbox@=\box93
LaTeX Info: Redefining \big on input line 721.
LaTeX Info: Redefining \Big on input line 722.
LaTeX Info: Redefining \bigg on input line 723.
LaTeX Info: Redefining \Bigg on input line 724.
\big@size=\dimen280
LaTeX Font Info:    Redeclaring font encoding OML on input line 742.
LaTeX Font Info:    Redeclaring font encoding OMS on input line 743.
\macc@depth=\count351
LaTeX Info: Redefining \bmod on input line 904.
LaTeX Info: Redefining \pmod on input line 909.
LaTeX Info: Redefining \smash on input line 939.
LaTeX Info: Redefining \relbar on input line 969.
LaTeX Info: Redefining \Relbar on input line 970.
\c@MaxMatrixCols=\count352
\dotsspace@=\muskip17
\c@parentequation=\count353
\dspbrk@lvl=\count354
\tag@help=\toks53
\row@=\count355
\column@=\count356
\maxfields@=\count357
\andhelp@=\toks54
\eqnshift@=\dimen281
\alignsep@=\dimen282
\tagshift@=\dimen283
\tagwidth@=\dimen284
\totwidth@=\dimen285
\lineht@=\dimen286
\@envbody=\toks55
\multlinegap=\skip103
\multlinetaggap=\skip104
\mathdisplay@stack=\toks56
LaTeX Info: Redefining \[ on input line 2950.
LaTeX Info: Redefining \] on input line 2951.
) (/usr/share/texmf-dist/tex/generic/pgf/frontendlayer/tikz/libraries/tikzlibraryarrows.code.tex
File: tikzlibraryarrows.code.tex 2025-08-29 v3.1.11a (3.1.11a)
 (/usr/share/texmf-dist/tex/generic/pgf/libraries/pgflibraryarrows.code.tex
File: pgflibraryarrows.code.tex 2025-08-29 v3.1.11a (3.1.11a)
\arrowsize=\dimen287
)) (/usr/share/texmf-dist/tex/latex/multirow/multirow.sty
Package: multirow 2024/11/12 v2.9 Span multiple rows of a table
\multirow@colwidth=\skip105
\multirow@cntb=\count358
\multirow@dima=\skip106
\bigstrutjot=\dimen288
) (/usr/share/texmf-dist/tex/latex/listings/listings.sty
\lst@mode=\count359
\lst@gtempboxa=\box94
\lst@token=\toks57
\lst@length=\count360
\lst@currlwidth=\dimen289
\lst@column=\count361
\lst@pos=\count362
\lst@lostspace=\dimen290
\lst@width=\dimen291
\lst@newlines=\count363
\lst@lineno=\count364
\lst@maxwidth=\dimen292
 (/usr/share/texmf-dist/tex/latex/listings/lstpatch.sty
File: lstpatch.sty 2025/11/14 1.11b (Carsten Heinz)
) (/usr/share/texmf-dist/tex/latex/listings/lstmisc.sty
File: lstmisc.sty 2025/11/14 1.11b (Carsten Heinz)
\c@lstnumber=\count365
\lst@skipnumbers=\count366
\lst@framebox=\box95
) (/usr/share/texmf-dist/tex/latex/listings/listings.cfg
File: listings.cfg 2025/11/14 1.11b listings configuration
))
Package: listings 2025/11/14 1.11b (Carsten Heinz)

==> First Aid for listings.sty no longer applied!
    Expected:
        2024/09/23 1.10c (Carsten Heinz)
    but found:
        2025/11/14 1.11b (Carsten Heinz)
    so I'm assuming it got fixed.
(/usr/share/texmf-dist/tex/latex/caption/caption.sty
Package: caption 2023/08/05 v3.6o Customizing captions (AR)
 (/usr/share/texmf-dist/tex/latex/caption/caption3.sty
Package: caption3 2023/07/31 v2.4d caption3 kernel (AR)
\caption@tempdima=\dimen293
\captionmargin=\dimen294
\caption@leftmargin=\dimen295
\caption@rightmargin=\dimen296
\caption@width=\dimen297
\caption@indent=\dimen298
\caption@parindent=\dimen299
\caption@hangindent=\dimen300
Package caption Info: Standard document class detected.
)
\c@caption@flags=\count367
\c@continuedfloat=\count368
Package caption Info: listings package is loaded.
Package caption Info: longtable package is loaded.
 (/usr/share/texmf-dist/tex/latex/caption/ltcaption.sty
Package: ltcaption 2021/01/08 v1.4c longtable captions (AR)
)) (/usr/share/texmf-dist/tex/latex/caption/subcaption.sty
Package: subcaption 2023/07/28 v1.6b Sub-captions (AR)
Package caption Info: New subtype `subfigure' on input line 238.
\c@subfigure=\count369
Package caption Info: New subtype `subtable' on input line 238.
\c@subtable=\count370
) (/usr/share/texmf-dist/tex/latex/parskip/parskip.sty
Package: parskip 2021-03-14 v2.0h non-zero parskip adjustments
 (/usr/share/texmf-dist/tex/latex/kvoptions/kvoptions.sty
Package: kvoptions 2022-06-15 v3.15 Key value format for package options (HO)
 (/usr/share/texmf-dist/tex/generic/ltxcmds/ltxcmds.sty
Package: ltxcmds 2023-12-04 v1.26 LaTeX kernel commands for general use (HO)
) (/usr/share/texmf-dist/tex/latex/kvsetkeys/kvsetkeys.sty
Package: kvsetkeys 2022-10-05 v1.19 Key value parser (HO)
))) (/usr/share/texmf-dist/tex/latex/pdfpages/pdfpages.sty
Package: pdfpages 2025/07/23 v0.6g Insert pages of external PDF documents (AM)
 (/usr/share/texmf-dist/tex/latex/base/ifthen.sty
Package: ifthen 2024/03/16 v1.1e Standard LaTeX ifthen package (DPC)
) (/usr/share/texmf-dist/tex/latex/tools/calc.sty
Package: calc 2025/03/01 v4.3b Infix arithmetic (KKT,FJ)
\calc@Acount=\count371
\calc@Bcount=\count372
\calc@Adimen=\dimen301
\calc@Bdimen=\dimen302
\calc@Askip=\skip107
\calc@Bskip=\skip108
LaTeX Info: Redefining \setlength on input line 86.
LaTeX Info: Redefining \addtolength on input line 87.
\calc@Ccount=\count373
\calc@Cskip=\skip109
) (/usr/share/texmf-dist/tex/latex/eso-pic/eso-pic.sty
Package: eso-pic 2025/12/10 v3.0d eso-pic (RN)
\ESO@tempdima=\dimen303
\ESO@tempdimb=\dimen304
)
\AM@pagewidth=\dimen305
\AM@pageheight=\dimen306
\AM@fboxrule=\dimen307
 (/usr/share/texmf-dist/tex/latex/pdfpages/pppdftex.def
File: pppdftex.def 2025/07/23 v0.6g Pdfpages driver for pdfTeX (AM)
)
\pdfpages@includegraphics@status=\count374
\AM@pagebox=\box96
\AM@global@opts=\toks58
\AM@pagecnt=\count375
\AM@toc@title=\toks59
\AM@lof@heading=\toks60
\c@AM@survey=\count376
\AM@templatesizebox=\box97
) (/usr/share/texmf-dist/tex/latex/tools/verbatim.sty
Package: verbatim 2024-01-22 v1.5x LaTeX2e package for verbatim enhancements
\every@verbatim=\toks61
\verbatim@line=\toks62
\verbatim@in@stream=\read5
) (/usr/share/texmf-dist/tex/latex/algorithmicx/algpseudocode.sty
Package: algpseudocode 
 (/usr/share/texmf-dist/tex/latex/algorithmicx/algorithmicx.sty
Package: algorithmicx 2005/04/27 v1.2 Algorithmicx

Document Style algorithmicx 1.2 - a greatly improved `algorithmic' style
\c@ALG@line=\count377
\c@ALG@rem=\count378
\c@ALG@nested=\count379
\ALG@tlm=\skip110
\ALG@thistlm=\skip111
\c@ALG@Lnr=\count380
\c@ALG@blocknr=\count381
\c@ALG@storecount=\count382
\c@ALG@tmpcounter=\count383
\ALG@tmplength=\skip112
)
Document Style - pseudocode environments for use with the `algorithmicx' style
) (/usr/share/texmf-dist/tex/latex/algorithms/algorithm.sty
Package: algorithm 2009/08/24 v0.1 Document Style `algorithm' - floating environment
 (/usr/share/texmf-dist/tex/latex/float/float.sty
Package: float 2001/11/08 v1.3d Float enhancements (AL)
\c@float@type=\count384
\float@exts=\toks63
\float@box=\box98
\@float@everytoks=\toks64
\@floatcapt=\box99
)
\@float@every@algorithm=\toks65
\c@algorithm=\count385
) (/usr/share/texmf-dist/tex/latex/pdflscape/pdflscape.sty
Package: pdflscape 2025-06-23 v0.14 Display of landscape pages in PDF
 (/usr/share/texmf-dist/tex/latex/pdflscape/pdflscape-nometadata.sty
Package: pdflscape-nometadata 2025-06-23 v0.14 Display of landscape pages in PDF (HO)
 (/usr/share/texmf-dist/tex/latex/graphics/lscape.sty
Package: lscape 2020/05/28 v3.02 Landscape Pages (DPC)
)
Package pdflscape Info: Auto-detected driver: pdftex on input line 81.
)) (/usr/share/texmf-dist/tex/latex/tools/afterpage.sty
Package: afterpage 2023/07/04 v1.08 After-Page Package (DPC)
\AP@output=\toks66
\AP@partial=\box100
\AP@footins=\box101
) (/usr/share/texmf-dist/tex/latex/tools/array.sty
Package: array 2025/09/25 v2.6n Tabular extension package (FMi)
\col@sep=\dimen308
\ar@mcellbox=\box102
\extrarowheight=\dimen309
\NC@list=\toks67
\extratabsurround=\skip113
\backup@length=\skip114
\ar@cellbox=\box103
) (/usr/share/texmf-dist/tex/latex/booktabs/booktabs.sty
Package: booktabs 2020/01/12 v1.61803398 Publication quality tables
\heavyrulewidth=\dimen310
\lightrulewidth=\dimen311
\cmidrulewidth=\dimen312
\belowrulesep=\dimen313
\belowbottomsep=\dimen314
\aboverulesep=\dimen315
\abovetopsep=\dimen316
\cmidrulesep=\dimen317
\cmidrulekern=\dimen318
\defaultaddspace=\dimen319
\@cmidla=\count386
\@cmidlb=\count387
\@aboverulesep=\dimen320
\@belowrulesep=\dimen321
\@thisruleclass=\count388
\@lastruleclass=\count389
\@thisrulewidth=\dimen322
) (/usr/share/texmf-dist/tex/latex/ragged2e/ragged2e.sty
Package: ragged2e 2023/06/22 v3.6 ragged2e Package
\CenteringLeftskip=\skip115
\RaggedLeftLeftskip=\skip116
\RaggedRightLeftskip=\skip117
\CenteringRightskip=\skip118
\RaggedLeftRightskip=\skip119
\RaggedRightRightskip=\skip120
\CenteringParfillskip=\skip121
\RaggedLeftParfillskip=\skip122
\RaggedRightParfillskip=\skip123
\JustifyingParfillskip=\skip124
\CenteringParindent=\skip125
\RaggedLeftParindent=\skip126
\RaggedRightParindent=\skip127
\JustifyingParindent=\skip128
) (/usr/share/texmf-dist/tex/latex/graphics/rotating.sty
Package: rotating 2025/01/14 v2.16e rotated objects in LaTeX
\c@r@tfl@t=\count390
\rotFPtop=\skip129
\rotFPbot=\skip130
\rot@float@box=\box104
\rot@mess@toks=\toks68
) (/usr/share/texmf-dist/tex/latex/wallpaper/wallpaper.sty
Package: wallpaper 2005/01/18, v1.01 easy wallpaper formatting (MHFW)
\wpXoffset=\skip131
\wpYoffset=\skip132
\tileXoffset=\skip133
\tileYoffset=\skip134
\tilewidth=\skip135
\tileheight=\skip136
\tileX=\skip137
\tileY=\skip138
) (/usr/share/texmf-dist/tex/latex/csquotes/csquotes.sty
Package: csquotes 2024-04-04 v5.2o context-sensitive quotations (JAW)
\csq@reset=\count391
\csq@gtype=\count392
\csq@glevel=\count393
\csq@qlevel=\count394
\csq@maxlvl=\count395
\csq@tshold=\count396
\csq@ltx@everypar=\toks69
 (/usr/share/texmf-dist/tex/latex/csquotes/csquotes.def
File: csquotes.def 2024-04-04 v5.2o csquotes generic definitions (JAW)
)
Package csquotes Info: Trying to load configuration file 'csquotes.cfg'...
Package csquotes Info: ... configuration file loaded successfully.
 (/usr/share/texmf-dist/tex/latex/csquotes/csquotes.cfg
File: csquotes.cfg 
)) (/usr/share/texmf-dist/tex/latex/biblatex/biblatex.sty
Package: biblatex 2025/07/10 v3.21 programmable bibliographies (PK/MW)
 (/usr/share/texmf-dist/tex/generic/pdftexcmds/pdftexcmds.sty
Package: pdftexcmds 2020-06-27 v0.33 Utility functions of pdfTeX for LuaTeX (HO)
 (/usr/share/texmf-dist/tex/generic/infwarerr/infwarerr.sty
Package: infwarerr 2019/12/03 v1.5 Providing info/warning/error messages (HO)
)
Package pdftexcmds Info: \pdf@primitive is available.
Package pdftexcmds Info: \pdf@ifprimitive is available.
Package pdftexcmds Info: \pdfdraftmode found.
) (/usr/share/texmf-dist/tex/latex/logreq/logreq.sty
Package: logreq 2010/08/04 v1.0 xml request logger
\lrq@indent=\count397
 (/usr/share/texmf-dist/tex/latex/logreq/logreq.def
File: logreq.def 2010/08/04 v1.0 logreq spec v1.0
)) (/usr/share/texmf-dist/tex/latex/url/url.sty
\Urlmuskip=\muskip18
Package: url 2013/09/16  ver 3.4  Verb mode for urls, etc.
)
\c@tabx@nest=\count398
\c@listtotal=\count399
\c@listcount=\count400
\c@liststart=\count401
\c@liststop=\count402
\c@citecount=\count403
\c@citetotal=\count404
\c@multicitecount=\count405
\c@multicitetotal=\count406
\c@instcount=\count407
\c@maxnames=\count408
\c@minnames=\count409
\c@maxitems=\count410
\c@minitems=\count411
\c@citecounter=\count412
\c@maxcitecounter=\count413
\c@savedcitecounter=\count414
\c@uniquelist=\count415
\c@uniquename=\count416
\c@refsection=\count417
\c@refsegment=\count418
\c@maxextratitle=\count419
\c@maxextratitleyear=\count420
\c@maxextraname=\count421
\c@maxextradate=\count422
\c@maxextraalpha=\count423
\c@abbrvpenalty=\count424
\c@highnamepenalty=\count425
\c@lownamepenalty=\count426
\c@maxparens=\count427
\c@parenlevel=\count428
\blx@tempcnta=\count429
\blx@tempcntb=\count430
\blx@tempcntc=\count431
\c@blx@maxsection=\count432
\blx@maxsegment@0=\count433
\blx@notetype=\count434
\blx@parenlevel@text=\count435
\blx@parenlevel@foot=\count436
\blx@sectionciteorder@0=\count437
\blx@sectionciteorderinternal@0=\count438
\blx@entrysetcounter=\count439
\blx@biblioinstance=\count440
\labelnumberwidth=\skip139
\labelalphawidth=\skip140
\biblabelsep=\skip141
\bibitemsep=\skip142
\bibnamesep=\skip143
\bibinitsep=\skip144
\bibparsep=\skip145
\bibhang=\skip146
\blx@bcfin=\read6
\blx@bcfout=\write5
\blx@langwohyphens=\language8
\c@mincomprange=\count441
\c@maxcomprange=\count442
\c@mincompwidth=\count443
Package biblatex Info: Trying to load biblatex default data model...
Package biblatex Info: ... file 'blx-dm.def' found.
 (/usr/share/texmf-dist/tex/latex/biblatex/blx-dm.def
File: blx-dm.def 2025/07/10 v3.21 biblatex datamodel (PK/MW)
)
Package biblatex Info: Trying to load biblatex custom data model...
Package biblatex Info: ... file 'biblatex-dm.cfg' not found.
\c@afterword=\count444
\c@savedafterword=\count445
\c@annotator=\count446
\c@savedannotator=\count447
\c@author=\count448
\c@savedauthor=\count449
\c@bookauthor=\count450
\c@savedbookauthor=\count451
\c@commentator=\count452
\c@savedcommentator=\count453
\c@editor=\count454
\c@savededitor=\count455
\c@editora=\count456
\c@savededitora=\count457
\c@editorb=\count458
\c@savededitorb=\count459
\c@editorc=\count460
\c@savededitorc=\count461
\c@foreword=\count462
\c@savedforeword=\count463
\c@holder=\count464
\c@savedholder=\count465
\c@introduction=\count466
\c@savedintroduction=\count467
\c@namea=\count468
\c@savednamea=\count469
\c@nameb=\count470
\c@savednameb=\count471
\c@namec=\count472
\c@savednamec=\count473
\c@translator=\count474
\c@savedtranslator=\count475
\c@shortauthor=\count476
\c@savedshortauthor=\count477
\c@shorteditor=\count478
\c@savedshorteditor=\count479
\c@labelname=\count480
\c@savedlabelname=\count481
\c@institution=\count482
\c@savedinstitution=\count483
\c@lista=\count484
\c@savedlista=\count485
\c@listb=\count486
\c@savedlistb=\count487
\c@listc=\count488
\c@savedlistc=\count489
\c@listd=\count490
\c@savedlistd=\count491
\c@liste=\count492
\c@savedliste=\count493
\c@listf=\count494
\c@savedlistf=\count495
\c@location=\count496
\c@savedlocation=\count497
\c@organization=\count498
\c@savedorganization=\count499
\c@origlocation=\count500
\c@savedoriglocation=\count501
\c@origpublisher=\count502
\c@savedorigpublisher=\count503
\c@publisher=\count504
\c@savedpublisher=\count505
\c@language=\count506
\c@savedlanguage=\count507
\c@origlanguage=\count508
\c@savedoriglanguage=\count509
\c@pageref=\count510
\c@savedpageref=\count511
\shorthandwidth=\skip147
\shortjournalwidth=\skip148
\shortserieswidth=\skip149
\shorttitlewidth=\skip150
\shortauthorwidth=\skip151
\shorteditorwidth=\skip152
\locallabelnumberwidth=\skip153
\locallabelalphawidth=\skip154
\localshorthandwidth=\skip155
\localshortjournalwidth=\skip156
\localshortserieswidth=\skip157
\localshorttitlewidth=\skip158
\localshortauthorwidth=\skip159
\localshorteditorwidth=\skip160
Package biblatex Info: Trying to load compatibility code...
Package biblatex Info: ... file 'blx-compat.def' found.
 (/usr/share/texmf-dist/tex/latex/biblatex/blx-compat.def
File: blx-compat.def 2025/07/10 v3.21 biblatex compatibility (PK/MW)
)
Package biblatex Info: Trying to load generic definitions...
Package biblatex Info: ... file 'biblatex.def' found.
 (/usr/share/texmf-dist/tex/latex/biblatex/biblatex.def
File: biblatex.def 2025/07/10 v3.21 biblatex compatibility (PK/MW)
\c@textcitecount=\count512
\c@textcitetotal=\count513
\c@textcitemaxnames=\count514
\c@biburlbigbreakpenalty=\count515
\c@biburlbreakpenalty=\count516
\c@biburlnumpenalty=\count517
\c@biburlucpenalty=\count518
\c@biburllcpenalty=\count519
\biburlbigskip=\muskip19
\biburlnumskip=\muskip20
\biburlucskip=\muskip21
\biburllcskip=\muskip22
\c@smartand=\count520
)
Package biblatex Info: Trying to load bibliography style 'numeric'...
Package biblatex Info: ... file 'numeric.bbx' found.
 (/usr/share/texmf-dist/tex/latex/biblatex/bbx/numeric.bbx
File: numeric.bbx 2025/07/10 v3.21 biblatex bibliography style (PK/MW)
Package biblatex Info: Trying to load bibliography style 'standard'...
Package biblatex Info: ... file 'standard.bbx' found.
 (/usr/share/texmf-dist/tex/latex/biblatex/bbx/standard.bbx
File: standard.bbx 2025/07/10 v3.21 biblatex bibliography style (PK/MW)
\c@bbx:relatedcount=\count521
\c@bbx:relatedtotal=\count522
))
Package biblatex Info: Trying to load citation style 'numeric'...
Package biblatex Info: ... file 'numeric.cbx' found.
 (/usr/share/texmf-dist/tex/latex/biblatex/cbx/numeric.cbx
File: numeric.cbx 2025/07/10 v3.21 biblatex citation style (PK/MW)
Package biblatex Info: Redefining '\cite'.
Package biblatex Info: Redefining '\parencite'.
Package biblatex Info: Redefining '\footcite'.
Package biblatex Info: Redefining '\footcitetext'.
Package biblatex Info: Redefining '\smartcite'.
Package biblatex Info: Redefining '\supercite'.
Package biblatex Info: Redefining '\textcite'.
Package biblatex Info: Redefining '\textcites'.
Package biblatex Info: Redefining '\cites'.
Package biblatex Info: Redefining '\parencites'.
Package biblatex Info: Redefining '\smartcites'.
)
Package biblatex Info: Trying to load configuration file...
Package biblatex Info: ... file 'biblatex.cfg' found.
 (/usr/share/texmf-dist/tex/latex/biblatex/biblatex.cfg
File: biblatex.cfg 
)
Package biblatex Info: Input encoding 'utf8' detected.
Package biblatex Info: Document encoding is UTF8 ....
Package biblatex Info: ... and expl3
(biblatex)             2026-01-19 L3 programming layer (loader) 
(biblatex)             is new enough (at least 2020/04/06),
(biblatex)             setting 'casechanger=expl3'.
 (/usr/share/texmf-dist/tex/latex/biblatex/blx-case-expl3.sty
Package: blx-case-expl3 2025/07/10 v3.21 expl3 case changing code for biblatex
)) (/usr/share/texmf-dist/tex/latex/hyperref/hyperref.sty
Package: hyperref 2026-01-29 v7.01p Hypertext links for LaTeX
 (/usr/share/texmf-dist/tex/generic/kvdefinekeys/kvdefinekeys.sty
Package: kvdefinekeys 2019-12-19 v1.6 Define keys (HO)
) (/usr/share/texmf-dist/tex/generic/pdfescape/pdfescape.sty
Package: pdfescape 2019/12/09 v1.15 Implements pdfTeX's escape features (HO)
) (/usr/share/texmf-dist/tex/latex/hycolor/hycolor.sty
Package: hycolor 2020-01-27 v1.10 Color options for hyperref/bookmark (HO)
) (/usr/share/texmf-dist/tex/latex/hyperref/nameref.sty
Package: nameref 2026-01-29 v2.58 Cross-referencing by name of section
 (/usr/share/texmf-dist/tex/latex/refcount/refcount.sty
Package: refcount 2019/12/15 v3.6 Data extraction from label references (HO)
) (/usr/share/texmf-dist/tex/generic/gettitlestring/gettitlestring.sty
Package: gettitlestring 2019/12/15 v1.6 Cleanup title references (HO)
)
\c@section@level=\count523
) (/usr/share/texmf-dist/tex/generic/stringenc/stringenc.sty
Package: stringenc 2019/11/29 v1.12 Convert strings between diff. encodings (HO)
)
\@linkdim=\dimen323
\Hy@linkcounter=\count524
\Hy@pagecounter=\count525
 (/usr/share/texmf-dist/tex/latex/hyperref/pd1enc.def
File: pd1enc.def 2026-01-29 v7.01p Hyperref: PDFDocEncoding definition (HO)
Now handling font encoding PD1 ...
... no UTF-8 mapping file for font encoding PD1
) (/usr/share/texmf-dist/tex/generic/intcalc/intcalc.sty
Package: intcalc 2019/12/15 v1.3 Expandable calculations with integers (HO)
)
\Hy@SavedSpaceFactor=\count526
 (/usr/share/texmf-dist/tex/latex/hyperref/puenc.def
File: puenc.def 2026-01-29 v7.01p Hyperref: PDF Unicode definition (HO)
Now handling font encoding PU ...
... no UTF-8 mapping file for font encoding PU
)
Package hyperref Info: Option `bookmarks' set `true' on input line 4072.
Package hyperref Info: Option `breaklinks' set `true' on input line 4072.
Package hyperref Info: Option `bookmarksopen' set `false' on input line 4072.
Package hyperref Info: Option `colorlinks' set `true' on input line 4072.
Package hyperref Info: Hyper figures OFF on input line 4201.
Package hyperref Info: Link nesting OFF on input line 4206.
Package hyperref Info: Hyper index ON on input line 4209.
Package hyperref Info: Plain pages OFF on input line 4216.
Package hyperref Info: Backreferencing OFF on input line 4221.
Package hyperref Info: Implicit mode ON; LaTeX internals redefined.
Package hyperref Info: Bookmarks ON on input line 4468.
\c@Hy@tempcnt=\count527
LaTeX Info: Redefining \url on input line 4807.
\XeTeXLinkMargin=\dimen324
 (/usr/share/texmf-dist/tex/generic/bitset/bitset.sty
Package: bitset 2019/12/09 v1.3 Handle bit-vector datatype (HO)
 (/usr/share/texmf-dist/tex/generic/bigintcalc/bigintcalc.sty
Package: bigintcalc 2019/12/15 v1.5 Expandable calculations on big integers (HO)
))
\Fld@menulength=\count528
\Field@Width=\dimen325
\Fld@charsize=\dimen326
Package hyperref Info: Hyper figures OFF on input line 6084.
Package hyperref Info: Link nesting OFF on input line 6089.
Package hyperref Info: Hyper index ON on input line 6092.
Package hyperref Info: backreferencing OFF on input line 6099.
Package hyperref Info: Link coloring ON on input line 6102.
Package hyperref Info: Link coloring with OCG OFF on input line 6109.
Package hyperref Info: PDF/A mode OFF on input line 6114.
\Hy@abspage=\count529
\c@Item=\count530
\c@Hfootnote=\count531
)
Package hyperref Info: Driver (autodetected): hpdftex.
 (/usr/share/texmf-dist/tex/latex/hyperref/hpdftex.def
File: hpdftex.def 2026-01-29 v7.01p Hyperref driver for pdfTeX
\Fld@listcount=\count532
\c@bookmark@seq@number=\count533
 (/usr/share/texmf-dist/tex/latex/rerunfilecheck/rerunfilecheck.sty
Package: rerunfilecheck 2025-06-21 v1.11 Rerun checks for auxiliary files (HO)
 (/usr/share/texmf-dist/tex/generic/uniquecounter/uniquecounter.sty
Package: uniquecounter 2019/12/15 v1.4 Provide unlimited unique counter (HO)
)
Package uniquecounter Info: New unique counter `rerunfilecheck' on input line 284.
)
\Hy@SectionHShift=\skip161
) (/usr/share/texmf-dist/tex/latex/breakurl/breakurl.sty
Package: breakurl 2013/04/10 v1.40 Breakable hyperref URLs
 (/usr/share/texmf-dist/tex/latex/xkeyval/xkeyval.sty
Package: xkeyval 2025/11/04 v2.10 package option processing (HA)
 (/usr/share/texmf-dist/tex/generic/xkeyval/xkeyval.tex (/usr/share/texmf-dist/tex/generic/xkeyval/xkvutils.tex
\XKV@toks=\toks70
\XKV@tempa@toks=\toks71
\XKV@tempb@toks=\toks72
)
\XKV@depth=\count534
File: xkeyval.tex 2014/12/03 v2.7a key=value parser (HA)
)) (/usr/share/texmf-dist/tex/generic/iftex/ifpdf.sty
Package: ifpdf 2019/10/25 v3.4 ifpdf legacy package. Use iftex instead.
)

Package breakurl Warning: You are using breakurl while processing via pdflatex.
(breakurl)                \burl will be just a synonym of \url.
(breakurl)                 on input line 48.

) (/usr/share/texmf-dist/tex/generic/soul/soul.sty
Package: soul 2023-06-14 v3.1 Permit use of UTF-8 characters in soul (HO)
 (/usr/share/texmf-dist/tex/generic/soul/soul-ori.sty
Package: soul-ori 2023-06-14 v3.1 letterspacing/underlining (mf)
\SOUL@word=\toks73
\SOUL@lasttoken=\toks74
\SOUL@syllable=\toks75
\SOUL@cmds=\toks76
\SOUL@buffer=\toks77
\SOUL@token=\toks78
\SOUL@syllgoal=\dimen327
\SOUL@syllwidth=\dimen328
\SOUL@charkern=\dimen329
\SOUL@hyphkern=\dimen330
\SOUL@dimen=\dimen331
\SOUL@dimeni=\dimen332
\SOUL@minus=\count535
\SOUL@comma=\count536
\SOUL@apo=\count537
\SOUL@grave=\count538
\SOUL@spaceskip=\skip162
\SOUL@ttwidth=\dimen333
\SOUL@uldp=\dimen334
\SOUL@ulht=\dimen335
) (/usr/share/texmf-dist/tex/generic/etexcmds/etexcmds.sty
Package: etexcmds 2019/12/15 v1.7 Avoid name clashes with e-TeX commands (HO)
))
Package csquotes Info: Checking for multilingual support...
Package csquotes Info: ... found 'babel' package.
Package csquotes Info: Adjusting default style.
Package csquotes Info: Redefining alias 'default' -> 'spanish'.
 (build/main.aux)
\openout1 = `main.aux'.

LaTeX Font Info:    Checking defaults for OML/cmm/m/it on input line 160.
LaTeX Font Info:    ... okay on input line 160.
LaTeX Font Info:    Checking defaults for OMS/cmsy/m/n on input line 160.
LaTeX Font Info:    ... okay on input line 160.
LaTeX Font Info:    Checking defaults for OT1/cmr/m/n on input line 160.
LaTeX Font Info:    ... okay on input line 160.
LaTeX Font Info:    Checking defaults for T1/cmr/m/n on input line 160.
LaTeX Font Info:    ... okay on input line 160.
LaTeX Font Info:    Checking defaults for TS1/cmr/m/n on input line 160.
LaTeX Font Info:    ... okay on input line 160.
LaTeX Font Info:    Checking defaults for OMX/cmex/m/n on input line 160.
LaTeX Font Info:    ... okay on input line 160.
LaTeX Font Info:    Checking defaults for U/cmr/m/n on input line 160.
LaTeX Font Info:    ... okay on input line 160.
LaTeX Font Info:    Checking defaults for PD1/pdf/m/n on input line 160.
LaTeX Font Info:    ... okay on input line 160.
LaTeX Font Info:    Checking defaults for PU/pdf/m/n on input line 160.
LaTeX Font Info:    ... okay on input line 160.

*geometry* driver: auto-detecting
*geometry* detected driver: pdftex
*geometry* verbose mode - [ preamble ] result:
* driver: pdftex
* paper: letterpaper
* layout: <same size as paper>
* layoutoffset:(h,v)=(0.0pt,0.0pt)
* modes: 
* h-part:(L,W,R)=(64.01869pt, 486.25761pt, 64.01869pt)
* v-part:(T,H,B)=(85.35826pt, 652.70622pt, 56.9055pt)
* \paperwidth=614.295pt
* \paperheight=794.96999pt
* \textwidth=486.25761pt
* \textheight=652.70622pt
* \oddsidemargin=-8.2513pt
* \evensidemargin=-8.2513pt
* \topmargin=-41.59085pt
* \headheight=12.0pt
* \headsep=42.67912pt
* \topskip=12.0pt
* \footskip=30.0pt
* \marginparwidth=44.0pt
* \marginparsep=10.0pt
* \columnsep=10.0pt
* \skip\footins=10.8pt plus 4.0pt minus 2.0pt
* \hoffset=0.0pt
* \voffset=0.0pt
* \mag=1000
* \@twocolumnfalse
* \@twosidefalse
* \@mparswitchfalse
* \@reversemarginfalse
* (1in=72.27pt=25.4mm, 1cm=28.453pt)

(/usr/share/texmf-dist/tex/context/base/mkii/supp-pdf.mkii
[Loading MPS to PDF converter (version 2006.09.02).]
\scratchcounter=\count539
\scratchdimen=\dimen336
\scratchbox=\box105
\nofMPsegments=\count540
\nofMParguments=\count541
\everyMPshowfont=\toks79
\MPscratchCnt=\count542
\MPscratchDim=\dimen337
\MPnumerator=\count543
\makeMPintoPDFobject=\count544
\everyMPtoPDFconversion=\toks80
) (/usr/share/texmf-dist/tex/latex/epstopdf-pkg/epstopdf-base.sty
Package: epstopdf-base 2020-01-24 v2.11 Base part for package epstopdf
Package epstopdf-base Info: Redefining graphics rule for `.eps' on input line 485.
 (/usr/share/texmf-dist/tex/latex/latexconfig/epstopdf-sys.cfg
File: epstopdf-sys.cfg 2010/07/13 v1.3 Configuration of (r)epstopdf for TeX Live
))
\c@lstlisting=\count545
Package caption Info: Begin \AtBeginDocument code.
Package caption Info: float package is loaded.
Package caption Info: hyperref package is loaded.
Package caption Info: rotating package is loaded.
Package caption Info: End \AtBeginDocument code.
Package biblatex Info: Trying to load language 'nil'...
Package biblatex Info: ... file 'nil.lbx' not found.


Package biblatex Warning: Language 'nil' not supported.
(biblatex)                Using dummy definitions on input line 160.

Package biblatex Info: Trying to load language 'spanish'...
Package biblatex Info: ... file 'spanish.lbx' found.
(/usr/share/texmf-dist/tex/latex/biblatex/lbx/spanish.lbx
File: spanish.lbx 2025/07/10 v3.21 biblatex localization (PK/MW)
)
Package biblatex Info: Input encoding 'utf8' detected.
Package biblatex Info: Automatic encoding selection.
(biblatex)             Assuming data encoding 'utf8'.
\openout5 = `main.bcf'.

Package biblatex Info: Trying to load bibliographic data...
Package biblatex Info: ... file 'main.bbl' found.
 (build/main.bbl)
Package biblatex Info: Reference section=0 on input line 160.
Package biblatex Info: Reference segment=0 on input line 160.
Package hyperref Info: Link coloring ON on input line 160.
 (build/main.out) (build/main.out)
\@outlinefile=\write6
\openout6 = `main.out'.

LaTeX Font Info:    Trying to load font information for U+msa on input line 175.
 (/usr/share/texmf-dist/tex/latex/amsfonts/umsa.fd
File: umsa.fd 2013/01/14 v3.01 AMS symbols A
)
LaTeX Font Info:    Trying to load font information for U+msb on input line 175.
 (/usr/share/texmf-dist/tex/latex/amsfonts/umsb.fd
File: umsb.fd 2013/01/14 v3.01 AMS symbols B
)
<UTYP.png, id=136, 301.125pt x 156.585pt>
File: UTYP.png Graphic file (type png)
<use UTYP.png>
Package pdftex.def Info: UTYP.png  used on input line 176.
(pdftex.def)             Requested size: 123.11743pt x 64.01869pt.
<LogoUPV_2023.png, id=138, 438.9198pt x 166.7028pt>
File: LogoUPV_2023.png Graphic file (type png)
<use LogoUPV_2023.png>
Package pdftex.def Info: LogoUPV_2023.png  used on input line 177.
(pdftex.def)             Requested size: 168.55936pt x 64.01869pt.

Overfull \hbox (12.13573pt too wide) in paragraph at lines 175--178
 [] 
 []

[1

{/var/lib/texmf/fonts/map/pdftex/updmap/pdftex.map}{/usr/share/texmf-dist/fonts/enc/dvips/cm-super/cm-super-t1.enc} <./UTYP.png> <./LogoUPV_2023.png>]
Underfull \hbox (badness 10000) in paragraph at lines 228--233

 []


pdfTeX warning (ext4): destination with the same identifier (name{page.i}) has been already used, duplicate ignored
<to be read again> 
                   \relax 
l.254 \clearpage
                
<Membrete2023.pdf, id=148, 614.295pt x 794.97pt>
File: Membrete2023.pdf Graphic file (type pdf)
<use Membrete2023.pdf>
Package pdftex.def Info: Membrete2023.pdf  used on input line 254.
(pdftex.def)             Requested size: 614.31223pt x 794.99231pt.
 [1 <./Membrete2023.pdf>]
Underfull \hbox (badness 2469) in paragraph at lines 268--268
[]|\T1/cmr/bx/n/12 Valor / Pon-de-ra-
 []

File: Membrete2023.pdf Graphic file (type pdf)
<use Membrete2023.pdf>
Package pdftex.def Info: Membrete2023.pdf  used on input line 315.
(pdftex.def)             Requested size: 614.31223pt x 794.99231pt.
File: Membrete2023.pdf Graphic file (type pdf)
<use Membrete2023.pdf>
Package pdftex.def Info: Membrete2023.pdf  used on input line 315.
(pdftex.def)             Requested size: 614.31223pt x 794.99231pt.
[2

]
File: UTYP.png Graphic file (type png)
<use UTYP.png>
Package pdftex.def Info: UTYP.png  used on input line 333.
(pdftex.def)             Requested size: 65.65956pt x 34.14322pt.
File: LogoUPV_2023.png Graphic file (type png)
<use LogoUPV_2023.png>
Package pdftex.def Info: LogoUPV_2023.png  used on input line 333.
(pdftex.def)             Requested size: 112.36844pt x 42.67912pt.

Overfull \hbox (15.11841pt too wide) has occurred while \output is active
[]|[]| 
 []


Package fancyhdr Warning: \headheight is too small (12.0pt): 
(fancyhdr)                Make it at least 47.02916pt, for example:
(fancyhdr)                \setlength{\headheight}{47.02916pt}.
(fancyhdr)                You might also make \topmargin smaller:
(fancyhdr)                \addtolength{\topmargin}{-35.02916pt}.

[3

{/usr/share/texmf-dist/fonts/enc/dvips/cm-super/cm-super-ts1.enc}]
File: UTYP.png Graphic file (type png)
<use UTYP.png>
Package pdftex.def Info: UTYP.png  used on input line 340.
(pdftex.def)             Requested size: 65.65956pt x 34.14322pt.
File: LogoUPV_2023.png Graphic file (type png)
<use LogoUPV_2023.png>
Package pdftex.def Info: LogoUPV_2023.png  used on input line 340.
(pdftex.def)             Requested size: 112.36844pt x 42.67912pt.

Overfull \hbox (15.11841pt too wide) has occurred while \output is active
[]|[]| 
 []


Package fancyhdr Warning: \headheight is too small (12.0pt): 
(fancyhdr)                Make it at least 47.02916pt, for example:
(fancyhdr)                \setlength{\headheight}{47.02916pt}.
(fancyhdr)                You might also make \topmargin smaller:
(fancyhdr)                \addtolength{\topmargin}{-35.02916pt}.

[4

] (build/main.toc [5

])
\tf@toc=\write7
\openout7 = `main.toc'.

 [6] (./introduccion.tex
File: UTYP.png Graphic file (type png)
<use UTYP.png>
Package pdftex.def Info: UTYP.png  used on input line 17.
(pdftex.def)             Requested size: 65.65956pt x 34.14322pt.
File: LogoUPV_2023.png Graphic file (type png)
<use LogoUPV_2023.png>
Package pdftex.def Info: LogoUPV_2023.png  used on input line 17.
(pdftex.def)             Requested size: 112.36844pt x 42.67912pt.

Overfull \hbox (15.11841pt too wide) has occurred while \output is active
[]|[]| 
 []


Package fancyhdr Warning: \headheight is too small (12.0pt): 
(fancyhdr)                Make it at least 47.02916pt, for example:
(fancyhdr)                \setlength{\headheight}{47.02916pt}.
(fancyhdr)                You might also make \topmargin smaller:
(fancyhdr)                \addtolength{\topmargin}{-35.02916pt}.

[1

]
File: UTYP.png Graphic file (type png)
<use UTYP.png>
Package pdftex.def Info: UTYP.png  used on input line 53.
(pdftex.def)             Requested size: 65.65956pt x 34.14322pt.
File: LogoUPV_2023.png Graphic file (type png)
<use LogoUPV_2023.png>
Package pdftex.def Info: LogoUPV_2023.png  used on input line 53.
(pdftex.def)             Requested size: 112.36844pt x 42.67912pt.

Overfull \hbox (15.11841pt too wide) has occurred while \output is active
[]|[]| 
 []


Package fancyhdr Warning: \headheight is too small (12.0pt): 
(fancyhdr)                Make it at least 47.02916pt, for example:
(fancyhdr)                \setlength{\headheight}{47.02916pt}.
(fancyhdr)                You might also make \topmargin smaller:
(fancyhdr)                \addtolength{\topmargin}{-35.02916pt}.

[2]
File: UTYP.png Graphic file (type png)
<use UTYP.png>
Package pdftex.def Info: UTYP.png  used on input line 73.
(pdftex.def)             Requested size: 65.65956pt x 34.14322pt.
File: LogoUPV_2023.png Graphic file (type png)
<use LogoUPV_2023.png>
Package pdftex.def Info: LogoUPV_2023.png  used on input line 73.
(pdftex.def)             Requested size: 112.36844pt x 42.67912pt.

Overfull \hbox (15.11841pt too wide) has occurred while \output is active
[]|[]| 
 []


Package fancyhdr Warning: \headheight is too small (12.0pt): 
(fancyhdr)                Make it at least 47.02916pt, for example:
(fancyhdr)                \setlength{\headheight}{47.02916pt}.
(fancyhdr)                You might also make \topmargin smaller:
(fancyhdr)                \addtolength{\topmargin}{-35.02916pt}.

[3])
File: UTYP.png Graphic file (type png)
<use UTYP.png>
Package pdftex.def Info: UTYP.png  used on input line 357.
(pdftex.def)             Requested size: 65.65956pt x 34.14322pt.
File: LogoUPV_2023.png Graphic file (type png)
<use LogoUPV_2023.png>
Package pdftex.def Info: LogoUPV_2023.png  used on input line 357.
(pdftex.def)             Requested size: 112.36844pt x 42.67912pt.

Overfull \hbox (15.11841pt too wide) has occurred while \output is active
[]|[]| 
 []


Package fancyhdr Warning: \headheight is too small (12.0pt): 
(fancyhdr)                Make it at least 47.02916pt, for example:
(fancyhdr)                \setlength{\headheight}{47.02916pt}.
(fancyhdr)                You might also make \topmargin smaller:
(fancyhdr)                \addtolength{\topmargin}{-35.02916pt}.

[4] (./marco_teorico.tex
File: UTYP.png Graphic file (type png)
<use UTYP.png>
Package pdftex.def Info: UTYP.png  used on input line 27.
(pdftex.def)             Requested size: 65.65956pt x 34.14322pt.
File: LogoUPV_2023.png Graphic file (type png)
<use LogoUPV_2023.png>
Package pdftex.def Info: LogoUPV_2023.png  used on input line 27.
(pdftex.def)             Requested size: 112.36844pt x 42.67912pt.

Overfull \hbox (15.11841pt too wide) has occurred while \output is active
[]|[]| 
 []


Package fancyhdr Warning: \headheight is too small (12.0pt): 
(fancyhdr)                Make it at least 47.02916pt, for example:
(fancyhdr)                \setlength{\headheight}{47.02916pt}.
(fancyhdr)                You might also make \topmargin smaller:
(fancyhdr)                \addtolength{\topmargin}{-35.02916pt}.

[5

]
File: UTYP.png Graphic file (type png)
<use UTYP.png>
Package pdftex.def Info: UTYP.png  used on input line 56.
(pdftex.def)             Requested size: 65.65956pt x 34.14322pt.
File: LogoUPV_2023.png Graphic file (type png)
<use LogoUPV_2023.png>
Package pdftex.def Info: LogoUPV_2023.png  used on input line 56.
(pdftex.def)             Requested size: 112.36844pt x 42.67912pt.

Overfull \hbox (15.11841pt too wide) has occurred while \output is active
[]|[]| 
 []


Package fancyhdr Warning: \headheight is too small (12.0pt): 
(fancyhdr)                Make it at least 47.02916pt, for example:
(fancyhdr)                \setlength{\headheight}{47.02916pt}.
(fancyhdr)                You might also make \topmargin smaller:
(fancyhdr)                \addtolength{\topmargin}{-35.02916pt}.

[6])
File: UTYP.png Graphic file (type png)
<use UTYP.png>
Package pdftex.def Info: UTYP.png  used on input line 361.
(pdftex.def)             Requested size: 65.65956pt x 34.14322pt.
File: LogoUPV_2023.png Graphic file (type png)
<use LogoUPV_2023.png>
Package pdftex.def Info: LogoUPV_2023.png  used on input line 361.
(pdftex.def)             Requested size: 112.36844pt x 42.67912pt.

Overfull \hbox (15.11841pt too wide) has occurred while \output is active
[]|[]| 
 []


Package fancyhdr Warning: \headheight is too small (12.0pt): 
(fancyhdr)                Make it at least 47.02916pt, for example:
(fancyhdr)                \setlength{\headheight}{47.02916pt}.
(fancyhdr)                You might also make \topmargin smaller:
(fancyhdr)                \addtolength{\topmargin}{-35.02916pt}.

[7] (./metodologia.tex
File: UTYP.png Graphic file (type png)
<use UTYP.png>
Package pdftex.def Info: UTYP.png  used on input line 26.
(pdftex.def)             Requested size: 65.65956pt x 34.14322pt.
File: LogoUPV_2023.png Graphic file (type png)
<use LogoUPV_2023.png>
Package pdftex.def Info: LogoUPV_2023.png  used on input line 26.
(pdftex.def)             Requested size: 112.36844pt x 42.67912pt.

Overfull \hbox (15.11841pt too wide) has occurred while \output is active
[]|[]| 
 []


Package fancyhdr Warning: \headheight is too small (12.0pt): 
(fancyhdr)                Make it at least 47.02916pt, for example:
(fancyhdr)                \setlength{\headheight}{47.02916pt}.
(fancyhdr)                You might also make \topmargin smaller:
(fancyhdr)                \addtolength{\topmargin}{-35.02916pt}.

[8

])
File: UTYP.png Graphic file (type png)
<use UTYP.png>
Package pdftex.def Info: UTYP.png  used on input line 363.
(pdftex.def)             Requested size: 65.65956pt x 34.14322pt.
File: LogoUPV_2023.png Graphic file (type png)
<use LogoUPV_2023.png>
Package pdftex.def Info: LogoUPV_2023.png  used on input line 363.
(pdftex.def)             Requested size: 112.36844pt x 42.67912pt.

Overfull \hbox (15.11841pt too wide) has occurred while \output is active
[]|[]| 
 []


Package fancyhdr Warning: \headheight is too small (12.0pt): 
(fancyhdr)                Make it at least 47.02916pt, for example:
(fancyhdr)                \setlength{\headheight}{47.02916pt}.
(fancyhdr)                You might also make \topmargin smaller:
(fancyhdr)                \addtolength{\topmargin}{-35.02916pt}.

[9]
File: UTYP.png Graphic file (type png)
<use UTYP.png>
Package pdftex.def Info: UTYP.png  used on input line 364.
(pdftex.def)             Requested size: 65.65956pt x 34.14322pt.
File: LogoUPV_2023.png Graphic file (type png)
<use LogoUPV_2023.png>
Package pdftex.def Info: LogoUPV_2023.png  used on input line 364.
(pdftex.def)             Requested size: 112.36844pt x 42.67912pt.

Overfull \hbox (15.11841pt too wide) has occurred while \output is active
[]|[]| 
 []


Package fancyhdr Warning: \headheight is too small (12.0pt): 
(fancyhdr)                Make it at least 47.02916pt, for example:
(fancyhdr)                \setlength{\headheight}{47.02916pt}.
(fancyhdr)                You might also make \topmargin smaller:
(fancyhdr)                \addtolength{\topmargin}{-35.02916pt}.

[10] (./resultados.tex)
File: UTYP.png Graphic file (type png)
<use UTYP.png>
Package pdftex.def Info: UTYP.png  used on input line 367.
(pdftex.def)             Requested size: 65.65956pt x 34.14322pt.
File: LogoUPV_2023.png Graphic file (type png)
<use LogoUPV_2023.png>
Package pdftex.def Info: LogoUPV_2023.png  used on input line 367.
(pdftex.def)             Requested size: 112.36844pt x 42.67912pt.

Overfull \hbox (15.11841pt too wide) has occurred while \output is active
[]|[]| 
 []


Package fancyhdr Warning: \headheight is too small (12.0pt): 
(fancyhdr)                Make it at least 47.02916pt, for example:
(fancyhdr)                \setlength{\headheight}{47.02916pt}.
(fancyhdr)                You might also make \topmargin smaller:
(fancyhdr)                \addtolength{\topmargin}{-35.02916pt}.

[11

] (./conclusiones.tex)
File: UTYP.png Graphic file (type png)
<use UTYP.png>
Package pdftex.def Info: UTYP.png  used on input line 375.
(pdftex.def)             Requested size: 65.65956pt x 34.14322pt.
File: LogoUPV_2023.png Graphic file (type png)
<use LogoUPV_2023.png>
Package pdftex.def Info: LogoUPV_2023.png  used on input line 375.
(pdftex.def)             Requested size: 112.36844pt x 42.67912pt.

Overfull \hbox (15.11841pt too wide) has occurred while \output is active
[]|[]| 
 []


Package fancyhdr Warning: \headheight is too small (12.0pt): 
(fancyhdr)                Make it at least 47.02916pt, for example:
(fancyhdr)                \setlength{\headheight}{47.02916pt}.
(fancyhdr)                You might also make \topmargin smaller:
(fancyhdr)                \addtolength{\topmargin}{-35.02916pt}.

[12

]
File: UTYP.png Graphic file (type png)
<use UTYP.png>
Package pdftex.def Info: UTYP.png  used on input line 380.
(pdftex.def)             Requested size: 65.65956pt x 34.14322pt.
File: LogoUPV_2023.png Graphic file (type png)
<use LogoUPV_2023.png>
Package pdftex.def Info: LogoUPV_2023.png  used on input line 380.
(pdftex.def)             Requested size: 112.36844pt x 42.67912pt.

Overfull \hbox (15.11841pt too wide) has occurred while \output is active
[]|[]| 
 []


Package fancyhdr Warning: \headheight is too small (12.0pt): 
(fancyhdr)                Make it at least 47.02916pt, for example:
(fancyhdr)                \setlength{\headheight}{47.02916pt}.
(fancyhdr)                You might also make \topmargin smaller:
(fancyhdr)                \addtolength{\topmargin}{-35.02916pt}.

[13

]
<documentosDigitalizados/SeguroFacultativo.pdf, id=334, 614.295pt x 845.1575pt>
File: documentosDigitalizados/SeguroFacultativo.pdf Graphic file (type pdf)
<use documentosDigitalizados/SeguroFacultativo.pdf>
Package pdftex.def Info: documentosDigitalizados/SeguroFacultativo.pdf  used on input line 387.
(pdftex.def)             Requested size: 614.29349pt x 845.15544pt.
<documentosDigitalizados/SeguroFacultativo.pdf, id=336, page=1, 614.295pt x 845.1575pt>
File: documentosDigitalizados/SeguroFacultativo.pdf Graphic file (type pdf)
<use documentosDigitalizados/SeguroFacultativo.pdf, page 1>
Package pdftex.def Info: documentosDigitalizados/SeguroFacultativo.pdf , page1 used on input line 387.
(pdftex.def)             Requested size: 614.29349pt x 845.15544pt.
File: documentosDigitalizados/SeguroFacultativo.pdf Graphic file (type pdf)
<use documentosDigitalizados/SeguroFacultativo.pdf, page 1>
Package pdftex.def Info: documentosDigitalizados/SeguroFacultativo.pdf , page1 used on input line 387.
(pdftex.def)             Requested size: 577.9154pt x 795.10587pt.
File: documentosDigitalizados/SeguroFacultativo.pdf Graphic file (type pdf)
<use documentosDigitalizados/SeguroFacultativo.pdf, page 1>
Package pdftex.def Info: documentosDigitalizados/SeguroFacultativo.pdf , page1 used on input line 387.
(pdftex.def)             Requested size: 577.9154pt x 795.10587pt.
File: documentosDigitalizados/SeguroFacultativo.pdf Graphic file (type pdf)
<use documentosDigitalizados/SeguroFacultativo.pdf, page 1>
Package pdftex.def Info: documentosDigitalizados/SeguroFacultativo.pdf , page1 used on input line 387.
(pdftex.def)             Requested size: 577.9154pt x 795.10587pt.
File: documentosDigitalizados/SeguroFacultativo.pdf Graphic file (type pdf)
<use documentosDigitalizados/SeguroFacultativo.pdf, page 1>
Package pdftex.def Info: documentosDigitalizados/SeguroFacultativo.pdf , page1 used on input line 387.
(pdftex.def)             Requested size: 577.9154pt x 795.10587pt.
 [14


 <./documentosDigitalizados/SeguroFacultativo.pdf>]
<documentosDigitalizados/CartaPresentacion.pdf, id=354, 1731.46875pt x 2278.5125pt>
File: documentosDigitalizados/CartaPresentacion.pdf Graphic file (type pdf)
<use documentosDigitalizados/CartaPresentacion.pdf>
Package pdftex.def Info: documentosDigitalizados/CartaPresentacion.pdf  used on input line 395.
(pdftex.def)             Requested size: 1731.46454pt x 2278.50696pt.
<documentosDigitalizados/CartaPresentacion.pdf, id=356, page=1, 1731.46875pt x 2278.5125pt>
File: documentosDigitalizados/CartaPresentacion.pdf Graphic file (type pdf)
<use documentosDigitalizados/CartaPresentacion.pdf, page 1>
Package pdftex.def Info: documentosDigitalizados/CartaPresentacion.pdf , page1 used on input line 395.
(pdftex.def)             Requested size: 1731.46454pt x 2278.50696pt.
File: documentosDigitalizados/CartaPresentacion.pdf Graphic file (type pdf)
<use documentosDigitalizados/CartaPresentacion.pdf, page 1>
Package pdftex.def Info: documentosDigitalizados/CartaPresentacion.pdf , page1 used on input line 395.
(pdftex.def)             Requested size: 604.22658pt x 795.12717pt.
File: documentosDigitalizados/CartaPresentacion.pdf Graphic file (type pdf)
<use documentosDigitalizados/CartaPresentacion.pdf, page 1>
Package pdftex.def Info: documentosDigitalizados/CartaPresentacion.pdf , page1 used on input line 395.
(pdftex.def)             Requested size: 604.22658pt x 795.12717pt.
File: documentosDigitalizados/CartaPresentacion.pdf Graphic file (type pdf)
<use documentosDigitalizados/CartaPresentacion.pdf, page 1>
Package pdftex.def Info: documentosDigitalizados/CartaPresentacion.pdf , page1 used on input line 395.
(pdftex.def)             Requested size: 604.22658pt x 795.12717pt.
File: documentosDigitalizados/CartaPresentacion.pdf Graphic file (type pdf)
<use documentosDigitalizados/CartaPresentacion.pdf, page 1>
Package pdftex.def Info: documentosDigitalizados/CartaPresentacion.pdf , page1 used on input line 395.
(pdftex.def)             Requested size: 604.22658pt x 795.12717pt.
 [15


 <./documentosDigitalizados/CartaPresentacion.pdf>]
<documentosDigitalizados/CartaAceptacion.pdf, id=365, 614.295pt x 794.97pt>
File: documentosDigitalizados/CartaAceptacion.pdf Graphic file (type pdf)
<use documentosDigitalizados/CartaAceptacion.pdf>
Package pdftex.def Info: documentosDigitalizados/CartaAceptacion.pdf  used on input line 400.
(pdftex.def)             Requested size: 614.29349pt x 794.96806pt.
<documentosDigitalizados/CartaAceptacion.pdf, id=367, page=1, 614.295pt x 794.97pt>
File: documentosDigitalizados/CartaAceptacion.pdf Graphic file (type pdf)
<use documentosDigitalizados/CartaAceptacion.pdf, page 1>
Package pdftex.def Info: documentosDigitalizados/CartaAceptacion.pdf , page1 used on input line 400.
(pdftex.def)             Requested size: 614.29349pt x 794.96806pt.
File: documentosDigitalizados/CartaAceptacion.pdf Graphic file (type pdf)
<use documentosDigitalizados/CartaAceptacion.pdf, page 1>
Package pdftex.def Info: documentosDigitalizados/CartaAceptacion.pdf , page1 used on input line 400.
(pdftex.def)             Requested size: 614.58406pt x 795.3441pt.
File: documentosDigitalizados/CartaAceptacion.pdf Graphic file (type pdf)
<use documentosDigitalizados/CartaAceptacion.pdf, page 1>
Package pdftex.def Info: documentosDigitalizados/CartaAceptacion.pdf , page1 used on input line 400.
(pdftex.def)             Requested size: 614.58406pt x 795.3441pt.
File: documentosDigitalizados/CartaAceptacion.pdf Graphic file (type pdf)
<use documentosDigitalizados/CartaAceptacion.pdf, page 1>
Package pdftex.def Info: documentosDigitalizados/CartaAceptacion.pdf , page1 used on input line 400.
(pdftex.def)             Requested size: 614.58406pt x 795.3441pt.
File: documentosDigitalizados/CartaAceptacion.pdf Graphic file (type pdf)
<use documentosDigitalizados/CartaAceptacion.pdf, page 1>
Package pdftex.def Info: documentosDigitalizados/CartaAceptacion.pdf , page1 used on input line 400.
(pdftex.def)             Requested size: 614.58406pt x 795.3441pt.
 [16


 <./documentosDigitalizados/CartaAceptacion.pdf>]
<documentosDigitalizados/CartaLiberacion.pdf, id=374, 614.295pt x 794.97pt>
File: documentosDigitalizados/CartaLiberacion.pdf Graphic file (type pdf)
<use documentosDigitalizados/CartaLiberacion.pdf>
Package pdftex.def Info: documentosDigitalizados/CartaLiberacion.pdf  used on input line 405.
(pdftex.def)             Requested size: 614.29349pt x 794.96806pt.
<documentosDigitalizados/CartaLiberacion.pdf, id=376, page=1, 614.295pt x 794.97pt>
File: documentosDigitalizados/CartaLiberacion.pdf Graphic file (type pdf)
<use documentosDigitalizados/CartaLiberacion.pdf, page 1>
Package pdftex.def Info: documentosDigitalizados/CartaLiberacion.pdf , page1 used on input line 405.
(pdftex.def)             Requested size: 614.29349pt x 794.96806pt.
File: documentosDigitalizados/CartaLiberacion.pdf Graphic file (type pdf)
<use documentosDigitalizados/CartaLiberacion.pdf, page 1>
Package pdftex.def Info: documentosDigitalizados/CartaLiberacion.pdf , page1 used on input line 405.
(pdftex.def)             Requested size: 614.58406pt x 795.3441pt.
File: documentosDigitalizados/CartaLiberacion.pdf Graphic file (type pdf)
<use documentosDigitalizados/CartaLiberacion.pdf, page 1>
Package pdftex.def Info: documentosDigitalizados/CartaLiberacion.pdf , page1 used on input line 405.
(pdftex.def)             Requested size: 614.58406pt x 795.3441pt.
File: documentosDigitalizados/CartaLiberacion.pdf Graphic file (type pdf)
<use documentosDigitalizados/CartaLiberacion.pdf, page 1>
Package pdftex.def Info: documentosDigitalizados/CartaLiberacion.pdf , page1 used on input line 405.
(pdftex.def)             Requested size: 614.58406pt x 795.3441pt.
File: documentosDigitalizados/CartaLiberacion.pdf Graphic file (type pdf)
<use documentosDigitalizados/CartaLiberacion.pdf, page 1>
Package pdftex.def Info: documentosDigitalizados/CartaLiberacion.pdf , page1 used on input line 405.
(pdftex.def)             Requested size: 614.58406pt x 795.3441pt.
 [17


 <./documentosDigitalizados/CartaLiberacion.pdf>]
Overfull \hbox (13.17943pt too wide) in paragraph at lines 426--426
[]|\T1/cmr/m/n/12 Valor| 
 []

File: UTYP.png Graphic file (type png)
<use UTYP.png>
Package pdftex.def Info: UTYP.png  used on input line 443.
(pdftex.def)             Requested size: 65.65956pt x 34.14322pt.
File: LogoUPV_2023.png Graphic file (type png)
<use LogoUPV_2023.png>
Package pdftex.def Info: LogoUPV_2023.png  used on input line 443.
(pdftex.def)             Requested size: 112.36844pt x 42.67912pt.

Overfull \hbox (15.11841pt too wide) has occurred while \output is active
[]|[]| 
 []


Package fancyhdr Warning: \headheight is too small (12.0pt): 
(fancyhdr)                Make it at least 47.02916pt, for example:
(fancyhdr)                \setlength{\headheight}{47.02916pt}.
(fancyhdr)                You might also make \topmargin smaller:
(fancyhdr)                \addtolength{\topmargin}{-35.02916pt}.

[18

]
File: UTYP.png Graphic file (type png)
<use UTYP.png>
Package pdftex.def Info: UTYP.png  used on input line 443.
(pdftex.def)             Requested size: 65.65956pt x 34.14322pt.
File: LogoUPV_2023.png Graphic file (type png)
<use LogoUPV_2023.png>
Package pdftex.def Info: LogoUPV_2023.png  used on input line 443.
(pdftex.def)             Requested size: 112.36844pt x 42.67912pt.

Overfull \hbox (15.11841pt too wide) has occurred while \output is active
[]|[]| 
 []


Package fancyhdr Warning: \headheight is too small (12.0pt): 
(fancyhdr)                Make it at least 47.02916pt, for example:
(fancyhdr)                \setlength{\headheight}{47.02916pt}.
(fancyhdr)                You might also make \topmargin smaller:
(fancyhdr)                \addtolength{\topmargin}{-35.02916pt}.

[19]
Underfull \hbox (badness 1189) in paragraph at lines 456--457
\T1/cmr/m/n/10 tie-nen fon-do cla-ro, le-
 []


Underfull \hbox (badness 1308) in paragraph at lines 457--457
\T1/cmr/m/n/10 La pre-sen-ta-ción ca-re-ce
 []


Underfull \hbox (badness 1320) in paragraph at lines 462--462
[]|\T1/cmr/m/n/10 Las res-pues-tas no son
 []


Underfull \hbox (badness 10000) in paragraph at lines 462--462
\T1/cmr/m/n/10 pa-rá-me-tros de ló-gi-ca
 []

File: UTYP.png Graphic file (type png)
<use UTYP.png>
Package pdftex.def Info: UTYP.png  used on input line 475.
(pdftex.def)             Requested size: 65.65956pt x 34.14322pt.
File: LogoUPV_2023.png Graphic file (type png)
<use LogoUPV_2023.png>
Package pdftex.def Info: LogoUPV_2023.png  used on input line 475.
(pdftex.def)             Requested size: 112.36844pt x 42.67912pt.

Overfull \hbox (15.11841pt too wide) has occurred while \output is active
[]|[]| 
 []


Package fancyhdr Warning: \headheight is too small (12.0pt): 
(fancyhdr)                Make it at least 47.02916pt, for example:
(fancyhdr)                \setlength{\headheight}{47.02916pt}.
(fancyhdr)                You might also make \topmargin smaller:
(fancyhdr)                \addtolength{\topmargin}{-35.02916pt}.

[20

] (build/main.aux)
 ***********
LaTeX2e <2025-11-01>
L3 programming layer <2026-01-19>
 ***********
Package rerunfilecheck Info: File `main.out' has not changed.
(rerunfilecheck)             Checksum: 3488F8F70B864BE511A7288702A1CF4D;5941.
Package logreq Info: Writing requests to 'main.run.xml'.
\openout1 = `main.run.xml'.

 ) 
Here is how much of TeX's memory you used:
 46971 strings out of 469453
 978928 string characters out of 5469038
 1839142 words of memory out of 5000000
 74904 multiletter control sequences out of 15000+600000
 641276 words of font info for 73 fonts, out of 8000000 for 9000
 40 hyphenation exceptions out of 8191
 98i,22n,118p,1701b,2223s stack positions out of 10000i,1000n,20000p,200000b,200000s
</usr/share/texmf-dist/fonts/type1/public/amsfonts/cm/cmex10.pfb></usr/share/texmf-dist/fonts/type1/public/amsfonts/cm/cmmi12.pfb></usr/share/texmf-dist/fonts/type1/public/amsfonts/cm/cmmi8.pfb></usr/share/texmf-dist/fonts/type1/public/amsfonts/cm/cmr12.pfb></usr/share/texmf-dist/fonts/type1/public/amsfonts/cm/cmr8.pfb></usr/share/texmf-dist/fonts/type1/public/amsfonts/cm/cmsy10.pfb></usr/share/texmf-dist/fonts/type1/public/amsfonts/cm/cmsy8.pfb></usr/share/texmf-dist/fonts/type1/public/cm-super/sfbx0800.pfb></usr/share/texmf-dist/fonts/type1/public/cm-super/sfbx1200.pfb></usr/share/texmf-dist/fonts/type1/public/cm-super/sfbx1440.pfb></usr/share/texmf-dist/fonts/type1/public/cm-super/sfbx1728.pfb></usr/share/texmf-dist/fonts/type1/public/cm-super/sfrm0800.pfb></usr/share/texmf-dist/fonts/type1/public/cm-super/sfrm1000.pfb></usr/share/texmf-dist/fonts/type1/public/cm-super/sfrm1200.pfb></usr/share/texmf-dist/fonts/type1/public/cm-super/sfrm1728.pfb></usr/share/texmf-dist/fonts/type1/public/cm-super/sfti1200.pfb>
Output written on build/main.pdf (27 pages, 1820698 bytes).
PDF statistics:
 497 PDF objects out of 1000 (max. 8388607)
 392 compressed objects within 4 object streams
 73 named destinations out of 1000 (max. 500000)
 352 words of extra memory for PDF output out of 10000 (max. 10000000)

